2025-10-15 22:18:36.554 | TX | 0E 03 00 00 00 04 44 F6 
2025-10-15 22:18:36.555 | RX | 0E 03 08 00 00 00 01 00 00 2D D4 85 0C 
2025-10-15 22:18:36.570 | TX | 0E 03 00 00 00 04 44 F6 
2025-10-15 22:18:36.571 | RX | 0E 03 08 00 00 00 01 00 00 2D D4 85 0C 
2025-10-15 22:18:41.928 | TX | 0E 03 00 00 00 04 44 F6 
2025-10-15 22:18:41.928 | RX | 0E 03 08 00 00 00 01 00 00 2D DA 04 C8 
2025-10-15 22:18:41.943 | TX | 0E 03 00 00 00 04 44 F6 
2025-10-15 22:18:41.944 | RX | 0E 03 08 00 00 00 01 00 00 2D DA 04 C8 
2025-10-15 22:18:41.959 | TX | 0E 10 00 00 00 01 02 00 51 26 5C 
2025-10-15 22:18:41.960 | RX | 0E 10 00 00 00 01 01 36 
2025-10-15 22:18:41.975 | TX | 0E 10 00 00 00 01 02 01 51 27 CC 
2025-10-15 22:18:41.976 | RX | 0E 10 00 00 00 01 01 36 
2025-10-15 22:18:42.006 | TX | 0E 03 A0 00 00 40 66 C5 
2025-10-15 22:18:42.007 | RX | 0E 03 80 00 0C 00 0C 00 0B 00 0B 00 0B 00 0B 00 0B 00 0B 00 0B 00 0B 00 0B 00 0A 00 09 00 08 00 08 00 07 00 08 00 09 00 0A 00 0D 00 0F 00 12 00 15 00 17 00 19 00 1B 00 1D 00 1E 00 1F 00 1F 00 1F 00 15 00 17 00 19 00 1B 00 1D 00 1E 00 20 40 21 40 21 40 21 00 21 00 21 00 21 00 21 00 20 00 20 00 1F 00 1E 00 1D 00 1C 00 1C 00 1B 00 1A 00 1A 00 1A 00 1A 00 1A 00 1A 00 1A 00 1A 00 19 00 17 00 16 FC 2E 
2025-10-15 22:18:42.038 | TX | 0E 03 A0 40 00 40 67 11 
2025-10-15 22:18:42.038 | RX | 0E 03 80 00 15 00 14 00 13 00 12 00 11 00 11 00 11 00 11 00 11 00 12 00 13 00 13 00 14 00 14 00 15 00 16 00 18 00 19 00 19 00 19 00 18 00 15 00 13 00 10 00 0E 00 0C 00 0B 00 0B 00 0B 00 0B 00 0C 00 0D 00 0E 00 0E 00 0D 00 0C 00 0B 00 09 00 08 00 08 00 09 00 0B 00 0D 00 11 00 14 00 17 00 1A 00 1D 00 1E 00 1F 40 20 40 1F 40 1F 40 1E 40 1D 40 1B 00 
2025-10-15 22:18:42.039 | RX | 1A 00 18 00 18 00 18 00 18 00 19 00 1A 00 1C 84 F8 
2025-10-15 22:18:42.069 | TX | 0E 03 A0 80 00 40 67 2D 
2025-10-15 22:18:42.070 | RX | 0E 03 80 00 1D 00 1E 00 1F 00 20 00 22 00 23 00 23 00 23 00 23 00 22 00 21 00 20 00 1F 00 1E 00 1D 00 1C 00 1B 00 1A 00 19 00 19 00 18 00 17 00 16 00 15 00 13 00 11 00 0E 00 0D 00 0C 00 0C 00 0D 00 0F 00 10 00 12 00 13 00 13 00 14 00 14 00 14 00 13 00 13 00 13 00 13 00 13 00 14 00 14 00 14 00 13 00 12 00 11 00 10 00 0E 00 0E 00 0D 00 0E 00 0F 00 11 00 14 00 17 00 1A 00 1D 00 1F 00 21 00 22 B1 33 
2025-10-15 22:18:42.101 | TX | 0E 03 A0 C0 00 40 66 F9 
2025-10-15 22:18:42.102 | RX | 0E 03 80 00 22 00 22 00 21 00 20 00 1F 00 1D 00 1C 00 1A 00 19 00 19 00 19 00 19 00 1A 00 1B 00 1C 00 1D 00 1E 00 1F 00 1F 00 1F 00 1E 00 1D 00 1C 00 1C 00 1C 00 1C 00 1C 00 1B 00 1A 00 19 00 18 00 17 00 17 00 17 00 17 00 17 00 17 00 17 00 17 00 16 00 16 00 15 00 14 00 12 00 11 00 0F 00 0E 00 0D 00 0E 00 0F 00 11 00 13 00 15 00 17 00 18 00 19 00 18 00 16 00 14 00 10 00 0C 00 08 00 05 00 03 0B 5B 
2025-10-15 22:18:42.132 | TX | 0E 03 A1 00 00 40 67 39 
2025-10-15 22:18:42.133 | RX | 0E 03 80 00 02 00 02 00 04 00 06 00 08 00 0B 00 0E 00 11 00 14 00 17 00 1A 00 1C 00 1D 00 1E 00 1D 00 1C 00 1B 00 19 00 18 00 17 00 17 00 17 00 18 00 18 00 19 00 1A 00 1B 00 1B 00 1C 00 1D 00 1E 00 20 00 21 00 22 00 22 00 22 00 21 00 1F 00 1D 00 1A 00 18 00 15 00 13 00 12 00 12 00 12 00 14 00 16 00 18 00 1B 00 1C 00 1D 00 1C 00 1B 00 19 00 17 00 15 00 14 00 13 00 13 00 14 00 14 00 15 00 15 0A FB 
2025-10-15 22:18:42.163 | TX | 0E 03 A1 40 00 40 66 ED 
2025-10-15 22:18:42.164 | RX | 0E 03 80 00 16 00 16 00 16 00 16 00 15 00 14 00 13 00 12 00 11 00 0F 00 0E 00 0C 00 0C 00 0C 00 0C 00 0C 00 0D 00 0E 00 0F 00 0F 00 10 00 11 00 12 00 12 00 13 00 14 00 14 00 15 00 16 00 17 00 18 00 1A 00 1C 00 1E 00 21 00 23 00 24 00 25 00 25 00 25 00 25 00 24 00 23 00 22 00 22 00 21 00 20 00 20 00 1F 00 1D 00 1C 00 1A 00 18 00 15 00 13 00 11 00 10 00 10 00 10 00 11 00 12 00 13 00 14 00 14 30 95 
2025-10-15 22:18:42.195 | TX | 0E 03 A1 80 00 40 66 D1 
2025-10-15 22:18:42.195 | RX | 0E 03 80 00 14 00 14 00 13 00 11 00 10 00 0E 00 0C 00 0B 00 0A 00 0A 00 0A 00 0A 00 0A 00 0B 00 0C 00 0C 00 0D 00 0E 00 0F 00 0F 00 0F 00 0F 00 0E 00 0C 00 0B 00 0A 00 0A 00 0B 00 0D 00 0F 00 12 00 14 00 16 00 16 00 16 00 16 00 15 00 15 00 16 00 17 00 18 00 1A 00 1B 00 1C 00 1C 00 1C 00 1B 00 1B 00 1B 00 1B 00 1C 00 1D 00 1E 00 20 00 21 00 22 00 23 00 23 00 23 00 23 00 23 00 23 00 22 00 21 F8 8C 
2025-10-15 22:18:42.226 | TX | 0E 03 A1 C0 00 40 67 05 
2025-10-15 22:18:42.226 | RX | 0E 03 80 00 20 00 1F 00 1D 00 1B 00 18 00 16 00 14 00 11 00 0F 00 0E 00 0C 00 0B 00 0A 00 0A 00 09 00 09 00 0A 00 0B 00 0C 00 0D 00 0E 00 0F 00 10 00 10 00 10 00 10 00 10 00 10 00 10 00 10 00 11 00 10 00 10 00 0F 00 0E 00 0D 00 0B 00 09 00 07 00 06 00 05 00 05 00 06 00 08 00 0A 00 0D 00 10 00 13 00 16 00 19 00 1B 00 1E 40 20 40 21 40 22 40 23 40 23 40 24 40 24 00 25 00 25 00 25 00 24 00 23 85 3B 
2025-10-15 22:18:42.257 | TX | 0E 03 A2 00 00 40 67 7D 
2025-10-15 22:18:42.257 | RX | 0E 03 80 40 02 40 02 40 02 40 01 40 01 40 01 40 02 40 02 40 02 40 02 40 01 40 01 40 01 40 02 40 02 40 02 40 02 40 02 40 02 40 02 40 02 40 02 40 02 40 02 40 02 40 02 40 01 40 01 40 01 40 01 40 01 40 02 40 02 40 02 40 02 40 02 40 02 40 01 40 01 40 01 40 01 40 01 40 01 40 01 40 01 40 01 40 01 40 01 40 01 40 01 40 01 40 01 40 02 40 02 40 02 40 02 40 02 40 02 40 02 40 02 40 02 40 02 40 02 40 02 8D 81 
2025-10-15 22:18:42.288 | TX | 0E 03 A2 40 00 40 66 A9 
2025-10-15 22:18:42.288 | RX | 0E 03 80 40 02 40 02 40 01 40 01 40 01 40 01 40 01 40 01 40 01 40 01 40 01 40 02 40 01 40 01 40 01 40 01 40 02 40 02 40 02 40 02 40 02 40 01 40 01 40 01 40 01 40 01 40 01 40 02 40 02 40 02 40 01 40 01 40 01 40 01 40 02 40 02 40 02 40 02 40 01 40 01 
2025-10-15 22:18:42.289 | RX | 40 01 40 01 40 01 40 01 40 01 40 01 40 01 40 01 40 01 40 01 40 01 40 01 40 01 40 02 40 02 40 03 40 03 40 03 40 02 40 02 40 02 40 02 40 02 40 02 79 CC 
2025-10-15 22:18:42.320 | TX | 0E 03 A2 80 00 40 66 95 
2025-10-15 22:18:42.320 | RX | 0E 03 80 40 02 40 02 40 02 40 02 40 03 40 03 40 03 40 02 40 02 40 02 40 02 40 01 40 01 40 01 40 01 40 01 40 01 40 01 40 02 40 02 40 02 40 01 40 01 40 01 40 01 40 02 40 02 40 02 40 02 40 02 40 02 40 02 40 02 40 01 40 01 40 01 40 01 40 01 40 02 40 02 40 02 40 02 40 02 40 02 40 02 40 02 40 01 40 01 40 01 40 01 40 02 40 02 40 02 40 02 40 02 40 02 40 02 40 02 40 02 40 01 40 01 40 01 40 01 40 00 07 3B 
2025-10-15 22:18:42.352 | TX | 0E 03 A2 C0 00 40 67 41 
2025-10-15 22:18:42.352 | RX | 0E 03 80 40 00 40 01 40 01 40 01 40 01 40 02 40 02 40 02 40 02 40 02 40 02 40 02 40 02 40 02 40 03 40 03 40 03 40 03 40 03 40 03 40 03 40 03 40 03 40 03 40 03 40 03 40 03 40 03 40 02 40 02 40 02 40 02 40 02 40 02 40 02 40 02 40 01 40 01 40 02 40 02 40 02 40 02 40 02 40 02 40 01 40 01 40 01 40 01 40 01 40 01 40 01 40 01 40 01 40 01 40 01 40 01 40 00 40 00 40 00 40 00 40 00 40 01 40 01 40 01 90 7D 
2025-10-15 22:18:42.382 | TX | 0E 03 A3 00 00 40 66 81 
2025-10-15 22:18:42.382 | RX | 0E 03 80 40 01 40 01 40 01 40 01 40 01 40 01 40 01 40 01 40 01 40 02 40 02 40 02 40 02 40 02 40 02 40 02 40 02 40 02 40 02 40 02 40 02 40 02 40 03 40 03 40 03 40 03 40 03 40 02 40 02 40 02 40 02 40 02 40 01 40 01 40 01 40 01 40 01 40 01 40 01 40 01 40 01 40 02 40 02 40 02 40 02 40 01 40 01 40 01 40 02 40 02 40 02 40 02 40 02 40 02 40 02 40 02 40 02 40 02 40 02 40 02 40 02 40 02 40 02 40 02 11 80 
2025-10-15 22:18:42.413 | TX | 0E 03 A3 40 00 40 67 55 
2025-10-15 22:18:42.414 | RX | 0E 03 80 40 02 40 02 40 02 40 02 40 02 40 02 40 02 40 02 40 02 40 02 40 02 40 02 40 02 40 02 40 02 40 01 40 01 40 01 40 01 40 02 40 02 40 02 40 02 40 02 40 02 40 02 40 02 40 02 40 02 40 02 40 02 40 02 40 02 40 02 40 02 40 02 40 02 40 02 40 02 40 02 40 02 40 02 40 02 40 02 40 02 40 02 40 02 40 01 40 01 40 01 40 02 40 02 40 02 40 02 40 02 40 02 40 02 40 02 40 02 40 02 40 02 40 02 40 02 40 03 48 54 
2025-10-15 22:18:42.444 | TX | 0E 03 A3 80 00 40 67 69 
2025-10-15 22:18:42.445 | RX | 0E 03 80 40 03 40 03 40 03 40 03 40 03 40 03 40 02 40 02 40 02 40 02 40 02 40 02 40 02 40 02 40 02 40 02 40 02 40 02 40 02 40 02 40 02 40 02 40 02 40 02 40 02 40 02 40 02 40 02 40 02 40 02 40 02 40 02 40 02 40 02 40 02 40 02 40 02 40 02 40 02 40 02 40 02 40 02 40 02 40 01 40 01 40 01 40 02 40 02 40 02 40 02 40 02 40 02 40 02 40 02 40 02 40 01 40 01 40 01 40 01 40 02 40 02 40 02 40 02 40 02 F2 BF 
2025-10-15 22:18:42.476 | TX | 0E 03 A3 C0 00 40 66 BD 
2025-10-15 22:18:42.477 | RX | 0E 03 80 40 02 40 02 40 01 40 01 40 01 40 01 40 01 40 01 40 01 40 01 40 01 40 01 40 01 40 01 40 01 40 01 40 01 40 01 40 01 40 01 40 01 40 02 40 01 40 01 40 01 40 01 40 02 40 02 40 02 40 02 40 02 40 01 40 01 40 01 40 01 40 01 40 01 40 01 40 01 40 01 40 01 40 01 40 02 40 02 40 02 40 02 40 03 40 03 40 02 40 02 40 02 40 02 40 01 40 01 40 01 40 01 40 01 40 01 40 01 40 01 40 01 40 01 40 01 40 01 D3 08 
2025-10-15 22:18:42.508 | TX | 0E 10 00 00 00 01 02 00 51 26 5C 
2025-10-15 22:18:42.509 | RX | 0E 10 00 00 00 01 01 
2025-10-15 22:18:42.509 | RX | 36 
2025-10-15 22:18:42.525 | TX | 0E 10 00 00 00 01 02 01 51 27 CC 
2025-10-15 22:18:42.525 | RX | 0E 10 00 00 00 01 01 36 
2025-10-15 22:18:42.556 | TX | 0E 03 A0 00 00 40 66 C5 
2025-10-15 22:18:42.556 | RX | 0E 03 80 00 03 00 00 1F FE 1F FD 1F FE 00 00 00 02 00 04 00 06 00 08 00 0A 00 0C 00 0D 00 0F 00 11 00 13 00 16 00 18 00 1B 00 1D 00 1F 00 21 00 22 00 22 00 23 00 22 00 22 00 21 00 20 00 1F 00 1F 00 1A 00 18 00 15 00 13 00 11 00 10 00 10 00 10 00 11 00 12 00 13 00 13 00 14 00 13 00 12 00 11 00 0F 00 0D 00 0B 00 09 00 08 00 08 00 07 00 07 00 07 00 06 00 06 00 05 00 05 00 06 00 07 00 09 00 0B 31 48 
2025-10-15 22:18:42.587 | TX | 0E 03 A0 40 00 40 67 11 
2025-10-15 22:18:42.587 | RX | 0E 03 80 00 0D 00 0F 00 10 00 11 00 12 00 12 00 11 00 10 00 0E 00 0D 00 0B 00 0A 00 0A 00 0A 00 0B 00 0C 00 0E 00 10 00 12 00 15 00 18 00 1A 00 1B 00 1C 00 1B 00 1B 00 19 00 18 00 17 00 15 00 15 40 14 40 15 40 15 40 17 40 19 40 1B 40 1D 00 1F 00 20 00 20 00 1F 00 1F 00 1D 00 1C 00 1A 00 18 00 17 00 16 00 14 00 12 00 11 00 0F 00 0E 00 0E 00 0E 00 0E 00 0F 00 0F 00 10 00 0F 00 0F 00 0E 00 0D 95 5C 
2025-10-15 22:18:42.619 | TX | 0E 03 A0 80 00 40 67 2D 
2025-10-15 22:18:42.619 | RX | 0E 03 80 00 0C 00 0B 00 0C 00 0C 00 0D 00 0E 00 10 00 10 00 11 00 12 00 13 00 14 00 15 00 15 00 16 00 17 00 17 00 18 00 18 00 17 00 17 00 15 00 14 00 13 00 11 00 10 00 0F 00 0F 00 0F 00 0F 00 10 00 10 00 12 00 13 00 14 00 15 00 14 00 14 00 13 00 11 00 10 00 10 00 0F 00 10 00 11 00 12 00 15 00 18 00 1A 00 1C 00 1E 00 20 00 21 00 22 00 23 00 24 00 25 00 26 00 27 00 27 00 26 00 25 00 24 00 22 01 99 
2025-10-15 22:18:42.651 | TX | 0E 03 A0 C0 00 40 66 F9 
2025-10-15 22:18:42.651 | RX | 0E 03 80 00 21 00 1F 00 1E 00 1E 00 1D 00 1D 00 1D 00 1C 00 1B 00 1A 00 19 00 18 00 17 00 15 00 14 00 12 00 11 00 0F 00 0E 00 0C 00 0B 00 0A 00 0A 00 0A 00 0B 00 0C 00 0D 00 0F 00 11 00 12 00 13 00 14 00 14 00 14 00 15 00 15 00 16 00 16 00 17 00 17 00 16 00 15 00 14 00 13 00 12 00 11 00 10 00 10 00 10 00 0F 00 0F 00 0F 00 10 00 11 00 13 00 15 00 17 00 19 00 1C 00 1E 00 20 00 22 00 24 00 26 79 4E 
2025-10-15 22:18:42.682 | TX | 0E 03 A1 00 00 40 67 39 
2025-10-15 22:18:42.682 | RX | 0E 03 80 00 27 00 27 00 27 00 26 00 23 00 20 00 1D 00 1A 00 18 00 17 00 16 00 17 00 18 00 19 00 1A 00 1B 00 1A 00 1A 00 18 00 17 00 15 00 12 00 10 00 0E 00 0C 00 0B 00 09 00 09 00 08 00 08 00 09 00 0A 00 0C 00 0E 00 10 00 12 00 13 00 13 00 13 00 12 00 11 00 10 00 0F 00 0F 00 0E 00 0D 00 0D 00 0D 00 0D 00 0D 00 0E 00 0E 00 10 00 11 00 12 00 13 00 13 00 13 00 12 00 11 00 10 00 0E 00 0D 00 0D 55 43 
2025-10-15 22:18:42.713 | TX | 0E 03 A1 40 00 40 66 ED 
2025-10-15 22:18:42.713 | RX | 0E 03 80 00 0D 00 0E 00 0F 00 11 00 12 00 14 00 16 00 19 00 1B 00 1E 00 21 00 23 00 24 00 24 00 24 00 23 00 22 00 21 00 1F 00 1C 00 1A 00 17 00 14 00 11 00 10 00 0F 00 0E 00 0E 00 0F 00 0F 00 10 00 10 00 11 00 11 00 12 00 11 00 11 00 10 00 0F 00 0F 00 0F 00 0F 00 11 00 12 00 13 00 14 00 14 00 14 00 14 00 12 00 11 00 0F 00 0D 00 0B 00 0A 00 0B 00 0B 00 0D 00 0E 00 0F 00 10 00 11 00 12 00 13 B9 4A 
2025-10-15 22:18:42.743 | TX | 0E 03 A1 80 00 40 66 D1 
2025-10-15 22:18:42.743 | RX | 0E 03 80 00 14 00 15 00 16 00 17 00 18 00 18 00 18 00 18 00 18 00 17 00 16 00 14 00 12 00 11 00 11 00 10 00 11 00 12 00 14 00 17 00 1A 00 1D 00 1E 40 1F 40 1F 40 1E 40 1D 40 1C 00 1B 00 1B 00 1A 00 1A 00 1A 00 1A 00 1B 00 1C 00 1E 00 1F 00 20 00 21 00 22 00 22 00 22 00 21 00 20 00 1E 00 1B 00 18 00 15 00 13 00 12 00 11 00 10 00 10 00 10 00 10 00 10 00 11 00 11 00 12 00 12 00 12 00 11 00 11 52 58 
2025-10-15 22:18:42.774 | TX | 0E 03 A1 C0 00 40 67 05 
2025-10-15 22:18:42.775 | RX | 0E 03 80 00 10 00 10 00 0F 00 0F 00 0E 00 0E 00 0D 00 0D 00 0E 00 0F 00 10 00 12 00 14 00 16 00 17 00 18 00 18 00 19 00 18 00 18 00 16 00 14 00 11 00 0F 00 0C 00 0B 00 0A 00 0A 00 0B 00 0D 00 0F 00 12 00 15 00 17 40 19 40 1B 40 1C 40 1C 40 1D 40 1E 40 1F 00 1F 00 1F 00 20 00 20 00 20 00 20 00 20 00 20 00 1F 00 1F 00 1E 00 1C 00 1B 00 19 00 18 00 16 00 15 00 13 00 13 00 12 00 11 00 10 00 10 4C C4 
2025-10-15 22:18:42.805 | TX | 0E 03 A2 00 00 40 67 7D 
2025-10-15 22:18:42.806 | RX | 0E 03 80 40 01 40 02 40 02 40 02 40 02 40 02 40 02 40 02 40 01 40 01 40 01 40 01 40 01 40 01 40 01 40 01 40 01 40 01 40 01 40 01 40 01 40 01 40 01 40 01 40 01 40 01 40 01 40 01 40 01 40 01 40 01 40 01 40 00 40 00 40 00 40 00 40 01 40 01 40 01 40 02 40 02 40 02 40 01 40 01 40 01 40 01 40 01 40 01 40 01 40 01 40 01 40 01 40 01 40 01 40 01 40 01 40 01 40 01 40 01 40 02 40 02 40 02 40 02 40 02 3B 9D 
2025-10-15 22:18:42.836 | TX | 0E 03 A2 40 00 40 66 A9 
2025-10-15 22:18:42.837 | RX | 0E 03 80 40 02 40 02 40 03 40 03 40 03 40 02 40 02 40 02 40 02 40 02 40 02 40 02 40 02 40 01 40 01 40 01 40 01 40 01 40 01 40 01 40 01 40 01 40 02 40 02 40 02 40 02 40 02 40 02 40 02 40 01 40 01 40 01 40 01 40 01 40 01 40 01 40 01 40 01 40 01 40 01 40 01 40 01 40 01 40 01 40 01 40 02 40 02 40 02 40 02 40 02 40 02 40 02 40 02 40 02 40 02 40 02 40 02 40 02 40 02 40 02 40 02 40 02 40 02 40 02 45 00 
2025-10-15 22:18:42.869 | TX | 0E 03 A2 80 00 40 66 95 
2025-10-15 22:18:42.869 | RX | 0E 03 80 40 02 40 02 40 02 40 02 40 02 40 02 40 02 40 02 40 02 40 02 40 01 40 01 40 01 40 02 40 02 40 02 40 02 40 02 40 02 40 02 40 02 40 03 40 03 40 02 40 02 40 02 40 02 40 02 40 01 40 01 40 01 40 01 40 01 40 01 40 01 40 01 40 01 40 01 40 01 40 01 40 01 40 01 40 01 40 01 40 01 40 01 40 01 40 02 40 02 40 02 40 02 40 02 40 02 40 02 40 02 40 02 40 02 40 02 40 02 40 01 40 01 40 01 40 02 40 02 FB E3 
2025-10-15 22:18:42.900 | TX | 0E 03 A2 C0 00 40 67 41 
2025-10-15 22:18:42.900 | RX | 0E 03 80 40 02 40 02 40 02 40 02 40 02 40 01 40 01 40 01 40 01 40 01 40 01 40 01 40 02 40 02 40 02 40 02 40 03 40 03 40 03 40 02 40 02 40 02 40 02 40 02 40 02 40 02 40 02 40 02 40 02 40 02 40 01 40 01 40 01 40 01 40 01 40 01 40 01 40 01 40 01 40 02 40 02 40 02 40 02 40 03 40 03 40 03 40 02 40 02 40 02 40 02 40 02 40 02 40 02 40 02 40 02 40 01 40 02 40 02 40 02 40 02 40 02 40 02 40 02 40 02 09 E8 
2025-10-15 22:18:42.930 | TX | 0E 03 A3 00 00 40 66 81 
2025-10-15 22:18:42.930 | RX | 0E 03 80 40 02 40 02 40 02 40 02 40 02 40 02 40 01 40 01 40 01 40 01 40 01 40 01 40 01 40 01 40 01 40 02 40 02 40 02 40 02 40 02 40 02 40 02 40 02 40 02 40 01 40 01 40 01 40 01 40 01 40 01 40 01 40 01 40 01 40 01 40 02 40 01 40 02 40 02 40 02 40 02 40 02 40 01 40 01 40 01 40 01 40 01 40 01 40 02 40 02 40 02 40 02 40 01 40 01 40 01 40 01 40 02 40 02 40 02 40 02 40 02 40 02 40 02 40 02 40 02 86 6B 
2025-10-15 22:18:42.961 | TX | 0E 03 A3 40 00 40 67 55 
2025-10-15 22:18:42.961 | RX | 0E 03 80 40 02 40 02 40 02 40 02 40 02 40 02 40 02 40 02 40 02 40 02 40 02 40 02 40 02 40 02 40 02 40 02 40 02 40 02 40 02 40 02 40 02 40 02 40 02 40 02 40 02 40 02 40 02 40 02 40 02 40 02 40 01 40 01 40 01 40 01 40 02 40 02 40 02 40 02 40 02 40 01 40 01 40 01 40 01 40 01 40 01 40 01 40 01 40 01 40 01 40 01 40 01 40 01 40 01 40 01 40 01 40 01 40 01 40 01 40 01 40 02 40 02 40 02 40 02 40 02 24 48 
2025-10-15 22:18:42.993 | TX | 0E 03 A3 80 00 40 67 69 
2025-10-15 22:18:42.993 | RX | 0E 03 80 40 01 40 01 40 01 40 01 40 01 40 01 40 01 40 01 40 01 40 01 40 01 40 01 40 01 40 01 40 02 40 02 40 02 40 02 40 01 40 01 40 01 40 01 40 01 40 01 40 02 40 02 40 02 40 02 40 02 40 02 40 02 40 02 40 02 40 01 40 01 40 02 40 02 40 02 40 02 40 02 40 02 40 01 40 01 40 01 40 01 40 01 40 01 40 01 40 01 40 01 40 01 40 01 40 01 40 01 40 01 40 01 40 01 40 02 40 02 40 02 40 02 40 02 40 02 40 02 07 5E 
2025-10-15 22:18:43.024 | TX | 0E 03 A3 C0 00 40 66 BD 
2025-10-15 22:18:43.024 | RX | 0E 03 80 40 02 40 02 40 02 40 02 40 02 40 02 40 02 40 03 40 03 40 02 40 02 40 02 40 02 40 02 40 02 40 02 40 02 40 02 40 02 40 02 40 02 40 02 40 02 40 02 40 02 40 02 40 02 40 02 40 02 40 02 40 02 40 01 40 01 40 01 40 01 40 01 40 01 40 01 40 01 40 01 40 01 40 01 40 01 40 01 40 01 40 01 40 01 40 01 40 01 40 01 40 01 40 02 40 02 40 02 40 02 40 01 40 01 40 01 40 01 40 01 40 01 40 01 40 01 40 01 44 C6 
2025-10-15 22:18:43.039 | TX | 0E 10 00 00 00 01 02 00 51 26 5C 
2025-10-15 22:18:43.040 | RX | 0E 10 00 00 00 01 01 36 
2025-10-15 22:18:43.055 | TX | 0E 10 00 00 00 01 02 01 51 27 CC 
2025-10-15 22:18:43.056 | RX | 0E 10 00 00 00 01 01 36 
2025-10-15 22:18:43.087 | TX | 0E 03 A0 00 00 40 66 C5 
2025-10-15 22:18:43.088 | RX | 0E 03 80 00 11 00 12 00 12 00 13 00 14 00 14 00 15 00 16 00 18 00 19 00 1A 00 1B 00 1B 00 1B 00 1A 00 19 00 19 00 18 00 18 00 19 00 1A 00 1B 00 1C 00 1D 00 1D 00 1C 00 1B 00 19 00 16 00 13 00 11 00 15 00 16 00 16 00 16 00 16 00 16 00 17 00 18 00 1A 00 1C 00 1D 00 1D 00 1D 00 1B 00 19 00 15 00 12 00 10 00 0E 00 0D 00 0D 00 0E 00 0F 00 10 00 11 00 12 00 13 00 13 00 14 00 15 00 16 00 17 00 17 21 CE 
2025-10-15 22:18:43.118 | TX | 0E 03 A0 40 00 40 67 11 
2025-10-15 22:18:43.118 | RX | 0E 03 80 00 17 00 18 00 18 00 19 00 1A 00 1B 00 1B 00 1B 00 1B 00 1B 00 1A 00 19 00 18 00 17 00 16 00 15 00 13 00 11 00 0F 00 0E 00 0D 00 0C 00 0C 00 0C 00 0C 00 0B 00 0C 00 0C 00 0E 00 10 00 13 00 15 00 19 00 1C 00 1E 00 20 00 21 00 20 00 1E 00 1B 00 19 00 16 00 15 00 14 00 15 00 16 00 17 00 18 00 19 00 1B 00 1D 00 1E 00 1F 00 1F 00 1F 00 1E 00 1D 00 1B 00 1A 00 19 00 18 00 17 00 17 00 16 8A 0B 
2025-10-15 22:18:43.149 | TX | 0E 03 A0 80 00 40 67 2D 
2025-10-15 22:18:43.149 | RX | 0E 03 80 00 15 00 15 00 15 00 15 00 16 00 17 00 17 00 19 00 1A 00 1C 00 1E 00 1F 00 21 00 22 00 23 00 24 00 24 00 24 00 24 00 22 00 21 00 1F 00 1D 00 1A 00 18 00 16 00 14 00 12 00 0F 00 0D 00 0B 00 09 00 08 00 07 00 06 00 06 00 05 00 04 00 03 00 02 00 00 1F FF 1F FF 1F FF 00 00 00 03 00 07 00 0C 00 11 00 17 00 1C 40 20 40 23 40 25 40 26 40 25 40 25 40 23 40 21 40 20 40 1F 40 1E 00 1D 00 1C 0E C6 
2025-10-15 22:18:43.180 | TX | 0E 03 A0 C0 00 40 66 F9 
2025-10-15 22:18:43.180 | RX | 0E 03 80 00 1B 00 1A 00 19 00 18 00 18 00 17 00 17 00 17 00 17 00 16 00 16 00 16 00 15 00 15 00 14 00 14 00 14 00 14 00 14 00 15 00 15 00 16 00 17 00 18 00 19 00 19 00 1A 00 1B 00 1B 00 1C 00 1C 00 1C 00 1C 00 1C 00 1C 00 1B 00 19 00 18 00 17 00 16 00 16 00 16 00 17 00 18 00 19 00 1A 00 1A 00 19 00 18 00 17 00 14 00 11 00 0D 00 09 00 05 00 03 00 02 00 03 00 05 00 09 00 0D 00 11 40 16 40 1A 59 3F 
2025-10-15 22:18:43.211 | TX | 0E 03 A1 00 00 40 67 39 
2025-10-15 22:18:43.211 | RX | 0E 03 80 40 1D 40 20 40 22 40 23 40 23 40 23 40 23 40 22 00 22 00 22 00 22 00 21 00 21 00 1F 00 1E 00 1D 00 1C 00 1B 00 1B 00 1A 00 19 00 18 00 17 00 16 00 15 00 14 00 12 00 11 00 0F 00 0E 00 0D 00 0C 00 0C 00 0C 00 0D 00 0D 00 0E 00 0E 00 0F 00 11 00 13 00 15 00 18 00 1B 00 1E 00 1F 00 21 00 21 00 20 00 20 00 1E 00 1D 00 1C 00 1B 00 1B 00 1B 00 1C 00 1C 00 1D 00 1E 00 1F 00 1F 00 1F 00 1E CA 50 
2025-10-15 22:18:43.242 | TX | 0E 03 A1 40 00 40 66 ED 
2025-10-15 22:18:43.243 | RX | 0E 03 80 00 1C 00 1A 00 17 00 13 00 10 00 0D 00 0A 00 09 00 09 00 09 00 0B 00 0D 00 0F 00 12 00 14 00 16 00 17 00 18 00 19 00 1A 00 1A 00 1B 00 1C 00 1C 00 1B 00 1B 00 1A 00 19 00 17 00 15 00 13 00 11 00 10 00 0F 00 0F 00 0F 00 10 00 11 00 11 00 12 00 12 00 13 00 13 00 14 00 15 00 16 00 18 00 1A 00 1B 00 1D 00 1D 00 1D 00 1C 00 1B 00 19 00 18 00 16 00 14 00 12 00 10 00 0F 00 0F 00 10 00 12 F2 9C 
2025-10-15 22:18:43.273 | TX | 0E 03 A1 80 00 40 66 D1 
2025-10-15 22:18:43.274 | RX | 0E 03 80 00 14 00 17 00 19 00 1B 00 1C 00 1C 00 1B 00 1A 00 19 00 17 00 16 00 15 00 14 00 12 00 11 00 0F 00 0E 00 0C 00 0C 00 0C 00 0D 00 0F 00 12 00 15 00 18 00 1A 00 1B 00 1C 00 1C 00 1B 00 1A 00 19 00 18 00 16 00 15 00 14 00 14 00 14 00 15 00 15 00 16 00 17 00 17 00 18 00 18 00 18 00 18 00 17 00 17 00 15 00 14 00 13 00 11 00 10 00 0F 00 0F 00 0F 00 0F 00 0F 00 0F 00 0F 00 0F 00 0F 00 10 A7 34 
2025-10-15 22:18:43.305 | TX | 0E 03 A1 C0 00 40 67 05 
2025-10-15 22:18:43.305 | RX | 0E 03 80 00 11 00 13 00 15 00 18 00 1A 00 1C 00 1E 00 20 00 20 00 20 00 1F 00 1D 00 1B 00 19 00 18 00 17 00 17 00 18 00 19 00 1A 00 1B 00 1C 00 1D 00 1C 00 1B 00 1A 00 17 00 14 00 12 00 0F 00 0C 00 0A 00 08 00 07 00 06 00 06 00 07 00 08 00 0A 00 0B 00 0C 00 0D 00 0D 00 0C 00 0C 00 0B 00 0B 00 0C 00 0E 00 10 00 12 00 15 00 16 00 18 00 18 00 18 00 18 00 17 00 16 
2025-10-15 22:18:43.305 | RX | 00 15 00 14 00 13 00 12 00 11 C8 B6 
2025-10-15 22:18:43.337 | TX | 0E 03 A2 00 00 40 67 7D 
2025-10-15 22:18:43.337 | RX | 0E 03 80 40 02 40 02 40 02 40 02 40 02 40 02 40 02 40 02 40 01 40 01 40 01 40 01 40 01 40 01 40 01 40 01 40 01 40 01 40 01 40 01 40 01 40 01 40 01 40 01 40 01 40 01 40 01 40 01 40 02 40 01 40 01 40 02 40 02 40 02 40 02 40 02 40 02 40 02 40 02 40 02 40 02 40 02 40 02 40 02 40 02 40 02 40 02 40 02 40 02 40 02 40 02 40 03 40 03 40 03 40 03 40 02 40 02 40 02 40 02 40 02 40 02 40 02 40 02 40 02 52 7A 
2025-10-15 22:18:43.368 | TX | 0E 03 A2 40 00 40 66 A9 
2025-10-15 22:18:43.368 | RX | 0E 03 80 40 02 40 01 40 01 40 01 40 01 40 01 40 01 40 01 40 01 40 01 40 01 40 01 40 01 40 01 40 02 40 02 40 02 40 02 40 02 40 01 40 01 40 01 40 01 40 02 40 02 40 02 40 02 40 02 40 02 40 01 40 01 40 01 40 01 40 01 40 01 40 01 40 01 40 01 40 01 40 01 40 01 40 01 40 02 40 01 40 01 40 01 40 01 40 01 40 01 40 01 40 01 40 01 40 01 40 02 40 02 40 01 40 01 40 01 40 01 40 01 40 00 40 00 40 00 40 00 27 90 
2025-10-15 22:18:43.398 | TX | 0E 03 A2 80 00 40 66 95 
2025-10-15 22:18:43.398 | RX | 0E 03 80 40 00 40 01 40 01 40 01 40 01 40 01 40 01 40 01 40 01 40 01 40 01 40 01 40 01 40 01 40 01 40 01 40 01 40 01 40 01 40 01 40 01 40 01 40 01 40 01 40 02 40 02 40 02 40 02 40 02 40 02 40 01 40 01 40 01 40 01 40 01 40 01 40 01 40 01 40 01 40 01 40 01 40 01 40 01 40 00 40 00 40 00 40 01 40 01 40 01 40 01 40 02 40 02 40 02 40 02 40 02 40 02 40 02 40 01 40 01 40 01 40 01 40 01 40 01 40 01 E3 45 
2025-10-15 22:18:43.429 | TX | 0E 03 A2 C0 00 40 67 41 
2025-10-15 22:18:43.429 | RX | 0E 03 80 40 02 40 02 40 02 40 02 40 02 40 02 40 02 40 02 40 02 40 02 40 02 40 02 40 02 40 02 40 02 40 02 40 02 40 02 40 02 40 02 40 02 40 02 40 02 40 02 40 02 40 02 40 02 40 02 40 02 40 02 40 02 40 02 40 02 40 02 40 02 40 02 40 02 40 02 40 02 40 02 40 01 40 01 40 01 40 01 40 01 40 01 40 01 40 01 40 01 40 01 40 02 40 02 40 02 40 02 40 02 40 02 40 02 40 02 40 02 40 02 40 02 40 02 40 02 40 02 9C E2 
2025-10-15 22:18:43.460 | TX | 0E 03 A3 00 00 40 66 81 
2025-10-15 22:18:43.460 | RX | 0E 03 80 40 01 40 01 40 01 40 01 40 01 40 01 40 02 40 02 40 02 40 02 40 02 40 02 40 02 40 02 40 02 40 02 40 02 40 02 40 02 40 01 40 01 40 01 40 01 40 01 40 02 40 02 40 02 40 02 40 02 40 02 40 02 40 01 40 01 40 01 40 01 40 01 40 01 40 01 40 01 40 01 40 01 40 01 40 02 40 02 40 02 40 02 40 02 40 02 40 02 40 02 40 02 40 02 40 02 40 01 40 01 40 01 40 01 40 02 40 02 40 01 40 01 40 01 40 01 40 01 24 44 
2025-10-15 22:18:43.491 | TX | 0E 03 A3 40 00 40 67 55 
2025-10-15 22:18:43.491 | RX | 0E 03 80 40 01 40 01 40 01 40 01 40 01 40 02 40 02 40 02 40 02 40 02 40 01 40 01 40 01 40 01 40 02 40 02 40 02 40 02 40 02 40 02 40 02 40 02 40 02 40 02 40 02 40 02 40 02 40 02 40 02 40 02 40 02 40 02 40 02 40 02 40 02 40 02 40 02 40 02 40 02 40 02 40 02 40 02 40 01 40 01 40 01 40 01 40 02 40 02 40 02 40 02 40 02 40 02 40 01 40 01 40 01 40 01 40 01 40 01 40 01 40 01 40 01 40 01 40 01 40 01 14 21 
2025-10-15 22:18:43.522 | TX | 0E 03 A3 80 00 40 67 69 
2025-10-15 22:18:43.522 | RX | 0E 03 80 40 02 40 02 40 02 40 02 40 01 40 01 40 01 40 01 40 01 40 01 40 01 40 01 40 01 40 02 40 02 40 02 40 02 40 02 40 02 40 02 40 02 40 02 40 02 40 02 40 02 40 02 40 02 40 02 40 01 40 01 40 01 40 01 40 01 40 01 40 02 40 02 40 02 40 02 40 02 40 02 40 02 40 02 40 02 40 02 40 02 40 02 40 02 40 02 40 02 40 03 40 03 40 03 40 02 40 02 40 02 40 02 40 02 40 02 40 01 40 01 40 01 40 01 40 01 40 01 AA 9B 
2025-10-15 22:18:43.553 | TX | 0E 03 A3 C0 00 40 66 BD 
2025-10-15 22:18:43.553 | RX | 0E 03 80 40 01 40 01 40 02 40 02 40 02 40 02 40 02 40 02 40 02 40 02 40 02 40 02 40 02 40 02 40 02 40 02 40 02 40 02 40 02 40 02 40 02 40 02 40 02 40 02 40 01 40 02 40 02 40 02 40 02 40 02 40 02 40 02 40 02 40 02 40 02 40 02 40 02 40 02 40 02 40 02 40 02 40 02 40 02 40 03 40 03 40 03 40 03 40 03 40 03 40 03 40 03 40 03 40 03 40 02 40 02 40 02 40 02 40 02 40 02 40 02 40 02 40 02 40 02 40 02 9D 61 
2025-10-15 22:18:43.569 | TX | 0E 10 00 00 00 01 02 00 51 26 5C 
2025-10-15 22:18:43.569 | RX | 0E 10 00 00 00 01 01 36 
2025-10-15 22:18:43.585 | TX | 0E 10 00 00 00 01 02 01 51 27 CC 
2025-10-15 22:18:43.585 | RX | 0E 10 00 00 00 01 01 36 
2025-10-15 22:18:43.616 | TX | 0E 03 A0 00 00 40 66 C5 
2025-10-15 22:18:43.616 | RX | 0E 03 80 00 0F 00 0F 00 0F 00 0F 00 10 00 11 00 12 00 13 00 15 00 16 00 17 00 17 00 17 00 17 00 17 00 16 00 15 00 14 00 13 00 13 00 13 00 14 00 15 00 17 00 18 00 19 00 1A 00 1A 00 1A 00 1A 00 1A 00 13 00 12 00 11 00 10 00 0F 00 0F 00 0F 00 10 00 11 00 12 00 13 00 14 40 16 40 17 40 1A 40 1C 40 1E 40 20 00 20 00 20 00 20 00 1E 00 1D 00 1C 00 1A 00 1A 00 19 00 19 00 19 00 19 00 19 00 1A 00 1A 90 CD 
2025-10-15 22:18:43.647 | TX | 0E 03 A0 40 00 40 67 11 
2025-10-15 22:18:43.647 | RX | 0E 03 80 00 1A 00 19 00 19 00 18 00 17 00 16 00 14 00 12 00 11 00 0F 00 0E 00 0D 00 0D 00 0E 00 0F 00 0F 00 0F 00 0F 00 0F 00 0E 00 0D 00 0D 00 0E 00 0F 00 11 00 13 00 16 00 18 00 1A 00 1B 00 1C 00 1C 00 1C 00 1C 00 1C 00 1D 00 1F 00 21 00 23 00 23 00 23 00 22 00 20 00 1C 00 19 00 15 00 12 00 10 00 0E 00 0E 00 0F 00 10 00 12 00 14 00 16 00 17 40 17 40 17 40 17 40 16 40 16 40 15 40 15 40 15 5C E4 
2025-10-15 22:18:43.678 | TX | 0E 03 A0 80 00 40 67 2D 
2025-10-15 22:18:43.678 | RX | 0E 03 80 40 15 40 15 40 16 00 18 00 19 00 1A 00 1B 00 1C 00 1C 00 1B 00 19 00 18 00 17 00 16 00 15 00 15 00 14 00 14 00 14 00 14 00 15 00 15 00 16 00 17 00 18 00 19 00 19 00 19 00 19 00 19 00 18 00 17 00 16 00 16 00 16 00 16 00 16 00 17 00 18 00 19 00 1A 00 1A 00 1B 00 1B 00 1C 00 1D 00 1D 00 1D 00 1D 00 1C 00 1B 00 1A 00 19 00 18 00 16 00 15 00 14 00 13 00 12 00 11 00 0F 00 0D 00 0B 00 0A 27 20 
2025-10-15 22:18:43.709 | TX | 0E 03 A0 C0 00 40 66 F9 
2025-10-15 22:18:43.709 | RX | 0E 03 80 00 09 00 08 00 08 00 09 00 0A 00 0B 00 0D 00 0F 00 11 00 14 00 17 00 1A 00 1D 00 20 00 22 00 24 00 24 00 24 00 23 00 22 00 20 00 1F 00 1D 00 1B 00 19 00 18 00 16 00 15 00 16 00 16 00 17 00 19 00 19 00 1A 00 1A 00 19 00 18 00 17 00 16 00 15 00 14 00 13 00 12 00 11 00 11 00 10 00 10 00 10 00 11 00 12 00 14 00 16 00 18 00 1B 00 1E 00 20 00 22 00 22 00 22 00 20 00 1F 00 1D 00 1C 00 1B E0 7C 
2025-10-15 22:18:43.740 | TX | 0E 03 A1 00 00 40 67 39 
2025-10-15 22:18:43.741 | RX | 0E 03 80 00 1B 00 1B 00 1B 00 1A 00 19 00 18 00 16 00 14 00 12 00 10 00 0E 00 0B 00 08 00 07 00 06 00 06 00 08 00 09 00 0B 00 0D 00 0F 00 10 00 11 00 11 00 11 00 11 00 11 00 11 00 11 00 11 00 11 00 12 00 13 00 15 00 17 00 19 00 1B 00 1D 00 1E 00 1F 00 20 00 20 00 21 00 21 00 21 00 20 00 1E 00 1C 00 1A 00 19 00 18 00 18 00 18 00 1A 00 1A 00 1B 00 1B 00 1B 00 1A 00 19 00 18 00 18 00 18 00 18 17 AA 
2025-10-15 22:18:43.772 | TX | 0E 03 A1 40 00 40 66 ED 
2025-10-15 22:18:43.772 | RX | 0E 03 80 00 18 00 19 00 19 00 18 00 17 00 16 00 14 00 13 00 11 00 10 00 10 00 0F 00 0F 00 0F 00 0F 00 0F 00 0F 00 0E 00 0E 00 0E 00 0E 00 0D 00 0B 00 09 00 07 00 06 00 05 00 06 00 07 00 0A 00 0D 00 11 00 15 00 18 00 1B 00 1D 00 1E 00 1E 00 1D 00 1C 00 1A 00 19 00 18 00 17 00 16 00 16 00 16 00 16 00 17 00 18 00 19 00 1A 00 1B 00 1C 00 1C 00 1C 00 1B 00 19 00 17 00 15 00 14 00 14 00 14 00 15 19 0A 
2025-10-15 22:18:43.802 | TX | 0E 03 A1 80 00 40 66 D1 
2025-10-15 22:18:43.802 | RX | 0E 03 80 00 15 00 15 00 15 00 14 00 13 00 13 00 13 00 13 00 13 00 14 00 14 00 14 00 14 00 13 00 12 00 12 00 11 00 12 00 12 00 13 00 13 00 14 00 14 00 13 00 12 00 11 00 0F 00 0E 00 0C 00 0B 00 0A 00 0A 00 0B 00 0C 00 0C 00 0D 00 0E 00 0F 00 10 00 11 00 13 00 15 00 17 00 19 00 1C 00 1E 00 20 00 22 00 23 00 24 00 25 00 25 00 26 00 27 00 27 00 27 00 26 00 26 00 25 00 25 00 25 00 25 00 24 00 23 C9 09 
2025-10-15 22:18:43.833 | TX | 0E 03 A1 C0 00 40 67 05 
2025-10-15 22:18:43.833 | RX | 0E 03 80 00 20 00 1D 00 1A 00 18 00 15 00 14 00 13 00 13 00 13 00 13 00 13 00 14 00 14 00 14 00 14 00 15 00 15 00 15 00 15 00 15 00 15 00 15 00 16 00 16 00 17 00 16 00 15 00 14 00 13 00 11 00 10 00 10 00 0F 00 0F 00 10 00 11 00 12 00 13 00 15 00 16 00 17 00 19 00 1A 00 1A 00 1A 00 1A 00 18 00 16 00 14 00 11 00 0F 00 0D 00 0B 00 0A 00 0A 00 0C 00 0E 00 11 00 14 00 16 00 17 00 18 00 18 00 17 18 88 
2025-10-15 22:18:43.864 | TX | 0E 03 A2 00 00 40 67 7D 
2025-10-15 22:18:43.865 | RX | 0E 03 80 40 01 40 02 40 01 40 01 40 01 40 02 40 02 40 02 40 02 40 02 40 02 40 02 40 02 40 02 40 02 40 01 40 01 40 01 40 01 40 01 40 01 40 01 40 01 40 01 40 01 40 01 40 01 40 01 40 01 40 01 40 01 40 02 40 02 40 02 40 02 40 03 40 03 40 03 40 03 40 03 40 02 40 02 40 02 40 02 40 02 40 02 40 02 40 02 40 02 40 02 40 02 40 02 40 02 40 02 40 02 40 02 40 02 40 02 40 01 40 01 40 01 40 01 40 01 40 01 26 59 
2025-10-15 22:18:43.895 | TX | 0E 03 A2 40 00 40 66 A9 
2025-10-15 22:18:43.896 | RX | 0E 03 80 40 01 40 02 40 02 40 02 40 02 40 02 40 02 40 02 40 02 40 01 40 01 40 01 40 01 40 01 40 01 40 01 40 02 40 02 40 02 40 02 40 02 40 02 40 02 40 02 40 02 40 02 40 02 40 02 40 02 40 01 40 01 40 01 40 01 40 01 40 01 40 01 40 01 40 01 40 01 40 01 40 01 40 01 40 01 40 01 40 01 40 01 40 01 40 01 40 01 40 01 40 01 40 01 40 01 40 01 40 01 40 01 40 01 40 01 40 01 40 01 40 01 40 01 40 01 40 01 E5 85 
2025-10-15 22:18:43.926 | TX | 0E 03 A2 80 00 40 66 95 
2025-10-15 22:18:43.927 | RX | 0E 03 80 40 01 40 01 40 01 40 01 40 02 40 02 40 02 40 02 40 02 40 02 40 02 40 02 40 02 40 01 40 01 40 01 40 02 40 02 40 02 40 02 40 02 40 02 40 02 40 02 40 02 40 02 40 02 40 02 40 02 40 02 40 01 40 01 40 01 40 01 40 01 40 01 40 02 40 01 40 01 40 02 40 02 40 02 40 02 40 02 40 02 40 02 40 01 40 01 40 01 40 01 40 01 40 01 40 01 40 01 40 01 40 01 40 01 40 01 40 01 40 01 40 01 40 01 40 01 40 02 99 35 
2025-10-15 22:18:43.957 | TX | 0E 03 A2 C0 00 40 67 41 
2025-10-15 22:18:43.958 | RX | 0E 03 80 40 02 40 02 40 02 40 02 40 02 40 02 40 02 40 01 40 01 40 01 40 01 40 01 40 01 40 01 40 01 40 01 40 01 40 01 40 02 40 02 40 02 40 02 40 02 40 02 40 02 40 01 40 01 40 01 40 01 40 01 40 01 40 01 40 01 40 01 40 02 40 02 40 02 40 02 40 01 40 01 40 01 40 01 40 01 40 01 40 01 40 01 40 01 40 01 40 01 40 02 40 02 40 02 40 02 40 02 40 02 40 02 40 02 40 02 40 02 40 02 40 01 40 01 40 01 40 00 71 BF 
2025-10-15 22:18:43.987 | TX | 0E 03 A3 00 00 40 66 81 
2025-10-15 22:18:43.988 | RX | 0E 03 80 40 00 40 00 40 01 40 01 40 01 40 01 40 01 40 01 40 01 40 01 40 01 40 01 40 01 40 01 40 01 40 01 40 01 40 02 40 01 40 01 40 01 40 01 40 01 40 01 40 01 40 02 40 02 40 02 40 02 40 02 40 02 40 02 40 01 40 01 40 02 40 02 40 02 40 02 40 02 40 02 40 02 40 02 40 01 40 01 40 01 40 01 40 01 40 01 40 02 40 02 40 02 40 02 40 02 40 02 40 02 40 02 40 02 40 02 40 01 40 01 40 01 40 01 40 01 40 01 27 60 
2025-10-15 22:18:44.019 | TX | 0E 03 A3 40 00 40 67 55 
2025-10-15 22:18:44.019 | RX | 0E 03 80 40 01 40 01 40 01 40 01 40 01 40 01 40 01 40 02 40 02 40 02 40 02 40 02 40 02 40 02 40 02 40 02 40 01 40 01 40 01 40 02 40 02 40 02 40 02 40 02 40 02 40 02 40 02 40 02 40 02 40 02 40 01 40 01 40 01 40 01 40 01 40 01 40 01 40 01 40 01 40 02 40 02 40 02 40 02 40 01 40 01 40 01 40 01 40 01 40 01 40 01 40 01 40 01 40 01 40 01 40 01 40 01 40 01 40 01 40 01 40 01 40 02 40 02 40 02 40 02 5F 00 
2025-10-15 22:18:44.051 | TX | 0E 03 A3 80 00 40 67 69 
2025-10-15 22:18:44.051 | RX | 0E 03 80 40 02 40 02 40 02 40 02 40 02 40 02 40 02 40 02 40 02 40 02 40 01 40 01 40 01 40 01 40 01 40 01 40 01 40 01 40 01 40 01 40 02 40 02 40 02 40 02 40 02 40 02 40 02 40 02 40 03 40 03 40 03 40 02 40 02 40 02 40 02 40 02 40 02 40 02 40 02 40 02 40 02 40 02 40 02 40 02 40 02 40 02 40 02 40 02 40 02 40 02 40 02 40 02 40 02 40 01 40 01 40 01 40 01 40 01 40 01 40 02 40 02 40 02 40 02 40 02 29 17 
2025-10-15 22:18:44.082 | TX | 0E 03 A3 C0 00 40 66 BD 
2025-10-15 22:18:44.082 | RX | 0E 03 80 40 02 40 02 40 02 40 02 40 02 40 02 40 02 40 02 40 02 40 02 40 02 40 02 40 02 40 01 40 01 40 01 40 01 40 01 40 01 40 01 40 01 40 01 40 01 40 01 40 01 40 01 40 01 40 01 40 01 40 01 40 01 40 01 40 01 40 01 40 01 40 01 40 02 40 02 40 02 40 02 40 02 40 01 40 01 40 01 40 01 40 01 40 01 40 01 40 01 40 01 40 01 40 01 40 02 40 02 40 02 40 02 40 02 40 02 40 02 40 01 40 01 40 01 40 01 40 01 F1 DF 
2025-10-15 22:18:44.098 | TX | 0E 10 00 00 00 01 02 00 51 26 5C 
2025-10-15 22:18:44.098 | RX | 0E 10 00 00 00 01 01 36 
2025-10-15 22:18:44.114 | TX | 0E 10 00 00 00 01 02 01 51 27 CC 
2025-10-15 22:18:44.114 | RX | 0E 10 00 00 00 01 01 36 
2025-10-15 22:18:44.145 | TX | 0E 03 A0 00 00 40 66 C5 
2025-10-15 22:18:44.145 | RX | 0E 03 80 00 10 00 0F 00 0E 00 0F 00 10 00 11 00 11 00 11 00 10 00 0E 00 0D 00 0C 00 0D 00 0E 40 0F 40 11 40 12 40 14 40 15 40 17 40 18 40 19 40 1B 40 1C C0 1E C0 1F 80 20 80 20 80 20 80 1F 00 1E 00 0D 00 0C 00 0C 00 0C 00 0D 00 0E 00 10 00 11 00 12 00 14 00 15 00 17 00 18 00 19 00 1A 00 1A 00 1C 00 1D 00 1F 00 22 00 24 00 27 00 29 00 2A 40 2B 40 2A 40 29 40 27 40 24 40 22 40 1F 40 1C 40 1A C3 A9 
2025-10-15 22:18:44.175 | TX | 0E 03 A0 40 00 40 67 11 
2025-10-15 22:18:44.176 | RX | 0E 03 80 40 19 40 18 40 17 40 18 40 19 00 1A 00 1C 00 1D 00 1F 00 20 00 21 00 22 00 22 00 22 00 22 00 21 00 21 00 1F 00 1E 00 1C 00 1A 00 19 00 17 00 16 00 14 00 13 00 13 00 12 00 13 00 14 00 15 00 16 00 17 00 18 00 18 00 18 00 17 00 17 00 16 00 15 00 13 00 11 00 0E 00 0B 00 08 00 05 00 03 00 02 00 01 00 02 00 04 00 06 00 09 00 0B 00 0E 00 11 00 14 00 16 00 18 40 19 40 19 40 1A 40 1A 40 1B AA 91 
2025-10-15 22:18:44.207 | TX | 0E 03 A0 80 00 40 67 2D 
2025-10-15 22:18:44.207 | RX | 0E 03 80 40 1C 40 1E 40 20 40 22 40 22 40 22 40 21 40 20 40 1F 40 1E 00 1D 00 1D 00 1D 00 1D 00 1D 00 1D 00 1C 00 1B 00 1A 00 18 00 17 00 15 00 14 00 13 00 12 00 12 00 12 00 11 00 11 00 10 00 10 00 10 00 10 00 11 00 11 00 12 00 13 00 14 00 15 00 15 00 16 00 17 00 17 00 17 00 16 00 15 00 15 00 14 00 13 00 12 00 11 00 0F 00 0E 00 0C 00 0A 00 09 00 07 00 05 00 03 00 02 00 01 00 01 00 02 00 03 7A 52 
2025-10-15 22:18:44.238 | TX | 0E 03 A0 C0 00 40 66 F9 
2025-10-15 22:18:44.238 | RX | 0E 03 80 00 04 00 06 00 08 00 0B 00 0D 00 10 40 12 40 14 40 16 40 18 40 19 40 1B 40 1C 40 1C 00 1B 00 1A 00 19 00 19 00 1A 00 1B 00 1D 00 1E 00 20 00 21 00 21 00 21 00 21 00 20 00 20 00 1F 00 1E 00 1D 00 1C 00 1B 00 1A 00 18 00 16 00 15 00 13 00 11 00 10 00 0F 00 0E 00 0E 00 0E 00 0E 00 0D 00 0D 00 0D 00 0D 00 0E 00 0F 00 10 00 12 00 14 00 15 00 16 00 16 00 16 00 16 00 15 00 14 00 13 00 13 D0 28 
2025-10-15 22:18:44.269 | TX | 0E 03 A1 00 00 40 67 39 
2025-10-15 22:18:44.269 | RX | 0E 03 80 00 14 00 15 00 16 00 18 00 19 00 19 00 18 00 16 00 13 00 10 00 0D 00 0A 00 09 00 09 00 0C 00 0F 00 13 00 17 00 19 00 1B 00 1B 00 1B 00 19 00 18 00 16 00 15 00 15 00 15 00 16 00 16 00 16 00 16 00 16 00 17 00 17 00 18 00 18 00 19 00 19 00 1A 00 1B 00 1C 00 1D 00 1D 00 1D 00 1C 00 1A 00 18 00 15 00 13 00 12 00 11 00 11 00 11 00 12 00 13 00 15 00 17 00 19 00 1B 00 1D 00 1F 00 1F 00 1F 23 32 
2025-10-15 22:18:44.300 | TX | 0E 03 A1 40 00 40 66 ED 
2025-10-15 22:18:44.300 | RX | 0E 03 80 00 1F 00 1E 00 1D 00 1D 00 1D 00 1E 00 1E 00 1F 00 1F 00 1E 00 1D 00 1B 00 1A 00 19 00 19 00 18 00 18 00 18 00 17 00 16 00 14 00 13 00 11 00 0E 00 0C 00 0A 00 09 00 08 00 08 00 0A 00 0C 00 0E 00 11 00 13 00 15 00 16 00 17 00 18 00 18 00 17 00 17 00 16 00 16 00 15 00 14 00 14 00 13 00 13 00 13 00 13 00 13 00 14 00 15 00 16 00 17 00 18 00 19 00 1B 00 1D 00 1E 00 1F 00 1F 00 1E 00 1D 9D BF 
2025-10-15 22:18:44.331 | TX | 0E 03 A1 80 00 40 66 D1 
2025-10-15 22:18:44.331 | RX | 0E 03 80 00 1B 00 19 00 18 00 17 00 17 00 17 00 17 00 17 00 17 00 17 00 17 00 17 00 16 00 17 00 17 00 18 00 19 00 1A 00 1A 00 1B 00 1B 00 1A 00 19 00 18 00 16 00 15 00 13 00 12 00 11 00 10 00 10 00 11 00 11 00 12 00 12 00 12 00 12 00 11 00 10 00 0F 00 0E 00 0D 00 0D 00 0E 00 0F 00 11 00 13 00 15 00 17 00 18 00 19 00 1B 00 1B 40 1B 00 1B 00 1A 00 19 00 17 00 15 00 14 00 13 00 13 00 14 00 15 55 E3 
2025-10-15 22:18:44.362 | TX | 0E 03 A1 C0 00 40 67 05 
2025-10-15 22:18:44.363 | RX | 0E 03 80 00 16 00 18 00 19 00 19 00 19 00 18 00 17 00 16 00 16 00 15 00 15 00 15 00 16 00 17 00 17 00 18 00 18 00 18 00 18 00 17 00 17 00 18 00 19 00 1B 00 1D 00 1E 00 1E 00 1F 00 1E 00 1E 00 1D 00 1C 00 1A 00 19 00 17 00 15 00 12 00 10 00 0E 00 0C 00 0B 00 0B 00 0B 00 0D 00 0F 00 11 00 12 00 13 00 13 00 12 00 10 00 0E 00 0D 00 0C 00 0B 00 0C 00 0D 00 0F 00 11 00 14 00 18 00 1B 00 1E 00 21 71 B9 
2025-10-15 22:18:44.392 | TX | 0E 03 A2 00 00 40 67 7D 
2025-10-15 22:18:44.393 | RX | 0E 03 80 40 02 40 02 40 02 40 01 40 01 40 01 40 01 40 01 40 01 40 01 40 01 40 01 40 01 40 01 40 01 40 01 40 01 40 01 40 01 40 01 40 01 40 01 40 01 40 01 40 01 40 01 40 01 40 01 40 01 40 01 40 01 40 01 40 01 40 01 40 01 40 02 40 02 40 02 40 02 40 02 40 01 40 01 40 01 40 01 40 02 40 02 40 03 40 03 40 03 40 03 40 02 40 02 40 02 40 02 40 01 40 01 40 01 40 01 40 01 40 01 40 01 40 01 40 01 40 01 7E 55 
2025-10-15 22:18:44.423 | TX | 0E 03 A2 40 00 40 66 A9 
2025-10-15 22:18:44.424 | RX | 0E 03 80 40 01 40 01 40 01 40 01 40 01 40 01 40 01 40 01 40 01 40 01 40 01 40 01 40 01 40 01 40 01 40 01 40 01 40 02 40 02 40 02 40 02 40 02 40 02 40 02 40 02 40 02 40 02 40 01 40 01 40 01 40 01 40 02 40 02 40 02 40 02 40 02 40 02 40 02 40 02 40 02 40 02 40 02 40 03 40 03 40 03 40 03 40 03 40 02 40 02 40 02 40 02 40 02 40 02 40 02 40 02 40 02 40 02 40 02 40 02 40 02 40 02 40 02 40 02 40 02 BC 22 
2025-10-15 22:18:44.455 | TX | 0E 03 A2 80 00 40 66 95 
2025-10-15 22:18:44.456 | RX | 0E 03 80 40 02 40 02 40 02 40 02 40 02 40 02 40 02 40 02 40 02 40 02 40 02 40 02 40 02 40 02 40 01 40 01 40 01 40 01 40 01 40 02 40 02 40 02 40 02 40 01 40 01 40 01 40 01 40 01 40 01 40 02 40 02 40 02 40 02 40 02 40 02 40 02 40 01 40 01 40 01 40 01 40 02 40 02 40 02 40 02 40 02 40 02 40 02 40 02 40 02 40 02 40 02 40 02 40 02 40 02 40 02 40 02 40 02 40 01 40 01 40 01 40 01 40 02 40 02 40 02 59 3C 
2025-10-15 22:18:44.487 | TX | 0E 03 A2 C0 00 40 67 41 
2025-10-15 22:18:44.487 | RX | 0E 03 80 40 02 40 02 40 02 40 02 40 02 40 02 40 02 40 01 40 01 40 02 40 02 40 02 40 02 40 02 40 02 40 02 40 02 40 03 40 03 40 03 40 03 40 03 40 03 40 02 40 02 40 02 40 02 40 02 40 01 40 01 40 01 40 01 40 01 40 01 40 01 40 01 40 01 40 01 40 01 40 01 40 01 40 02 40 02 40 02 40 02 40 02 40 02 40 02 40 02 40 02 40 02 40 02 40 02 40 02 40 02 40 03 40 03 40 03 40 02 40 02 40 02 40 01 40 01 40 01 D2 83 
2025-10-15 22:18:44.518 | TX | 0E 03 A3 00 00 40 66 81 
2025-10-15 22:18:44.518 | RX | 0E 03 80 40 01 40 00 40 01 40 01 40 01 40 02 40 02 40 02 40 01 40 01 40 01 40 01 40 01 40 01 40 01 40 01 40 01 40 01 40 01 40 01 40 01 40 01 40 01 40 01 40 01 40 01 40 01 40 02 40 02 40 02 40 02 40 02 40 02 40 02 40 02 40 02 40 02 40 02 40 02 40 02 40 02 40 02 40 02 40 02 40 02 40 02 40 02 40 02 40 02 40 02 40 01 40 01 40 01 40 01 40 01 40 02 40 02 40 02 40 01 40 01 40 01 40 01 40 01 40 01 A8 28 
2025-10-15 22:18:44.549 | TX | 0E 03 A3 40 00 40 67 55 
2025-10-15 22:18:44.549 | RX | 0E 03 80 40 01 40 02 40 02 40 02 40 02 40 02 40 02 40 02 40 02 40 02 40 02 40 02 40 03 40 03 40 02 40 02 40 02 40 02 40 01 40 01 40 01 40 01 40 01 40 01 40 01 40 01 40 02 40 02 40 02 40 02 40 02 40 02 40 02 40 02 40 02 40 02 40 02 40 02 40 02 40 02 40 02 40 02 40 02 40 02 40 02 40 02 40 01 40 01 40 01 40 01 40 01 40 01 40 01 40 01 40 01 40 01 40 02 40 02 40 02 40 02 40 02 40 01 40 01 40 01 0C FC 
2025-10-15 22:18:44.580 | TX | 0E 03 A3 80 00 40 67 69 
2025-10-15 22:18:44.580 | RX | 0E 03 80 40 01 40 01 40 01 40 01 40 01 40 01 40 01 40 01 40 01 40 01 40 01 40 02 40 02 40 02 40 02 40 02 40 02 40 02 40 02 40 02 40 02 40 02 40 02 40 02 40 02 40 02 40 02 40 02 40 02 40 02 40 02 40 02 40 02 40 03 40 03 40 03 40 03 40 03 40 02 40 02 40 02 40 02 40 01 40 01 40 01 40 01 40 01 40 02 40 02 40 02 40 02 40 02 40 02 40 02 40 01 40 01 40 02 40 02 40 01 40 01 40 01 40 01 40 01 40 01 88 8C 
2025-10-15 22:18:44.611 | TX | 0E 03 A3 C0 00 40 66 BD 
2025-10-15 22:18:44.611 | RX | 0E 03 80 40 01 40 01 40 02 40 02 40 02 40 02 40 02 40 02 40 02 40 02 40 02 40 02 40 02 40 02 40 02 40 01 40 01 40 01 40 02 40 02 40 02 40 02 40 02 40 02 40 02 40 02 40 01 40 01 40 02 40 02 40 02 40 02 40 02 40 02 40 02 40 02 40 02 40 02 40 02 40 02 40 02 40 02 40 02 40 02 40 02 40 02 40 02 40 02 40 02 40 02 40 02 40 02 40 02 40 02 40 02 40 02 40 02 40 02 40 02 40 02 40 02 40 01 40 01 40 01 3D 23 
2025-10-15 22:18:44.627 | TX | 0E 10 00 00 00 01 02 00 51 26 5C 
2025-10-15 22:18:44.627 | RX | 0E 10 00 00 00 01 01 36 
2025-10-15 22:18:44.643 | TX | 0E 10 00 00 00 01 02 01 51 27 CC 
2025-10-15 22:18:44.643 | RX | 0E 10 00 00 00 01 01 36 
2025-10-15 22:18:44.673 | TX | 0E 03 A0 00 00 40 66 C5 
2025-10-15 22:18:44.674 | RX | 0E 03 80 00 18 00 16 00 14 00 13 00 13 00 13 00 13 00 13 00 13 00 12 00 11 00 10 00 0F 00 0F 00 0F 00 10 00 11 00 13 00 15 00 17 00 18 00 19 00 19 00 17 00 16 00 14 00 12 00 11 00 0F 00 0F 00 0F 00 19 00 19 00 1A 00 1A 00 1A 00 1A 00 19 00 18 00 17 00 16 00 15 00 15 00 14 00 14 00 13 00 13 00 13 00 13 00 13 00 12 00 10 00 0E 00 0A 00 07 00 04 00 03 00 02 00 04 00 06 00 09 40 0D 40 10 40 13 67 0A 
2025-10-15 22:18:44.714 | TX | 0E 03 A0 40 00 40 67 11 
2025-10-15 22:18:44.717 | RX | 0E 03 80 40 15 40 16 40 17 40 17 40 18 00 18 00 18 00 18 00 19 00 19 00 19 00 19 00 18 00 18 00 18 00 18 00 19 00 1B 00 1D 00 1F 00 20 00 20 00 1F 00 1E 00 1B 00 19 00 17 00 14 00 12 00 10 00 0E 00 0C 00 0B 00 09 00 08 00 07 00 07 00 08 00 09 00 0C 00 0F 00 12 00 16 00 1A 00 1D 00 1E 00 1F 00 1E 00 1D 00 1B 00 1A 00 19 00 18 00 17 00 16 00 15 00 15 00 14 00 14 00 15 00 15 00 15 00 15 00 15 AF AD 
2025-10-15 22:18:44.789 | TX | 0E 03 A0 80 00 40 67 2D 
2025-10-15 22:18:44.790 | RX | 0E 03 80 00 14 00 12 00 10 00 0E 00 0D 00 0C 00 0C 00 0D 00 0F 00 11 00 14 00 17 00 19 00 1B 00 1C 00 1D 00 1D 00 1D 00 1D 00 1D 00 1E 00 20 00 21 00 22 00 22 00 23 00 23 00 22 00 22 00 22 00 21 00 22 00 22 00 23 00 23 00 24 00 24 00 23 00 21 00 1F 00 1C 00 1A 00 19 00 18 00 17 00 17 00 17 00 17 00 17 00 18 00 19 00 1A 00 1B 00 1C 00 1D 00 1E 00 1F 00 1F 00 1F 00 1F 00 1E 00 1C 00 1A 00 17 41 19 
2025-10-15 22:18:44.821 | TX | 0E 03 A0 C0 00 40 66 F9 
2025-10-15 22:18:44.821 | RX | 0E 03 80 00 15 00 13 00 12 00 11 00 10 00 11 00 12 00 13 00 14 00 15 00 15 00 15 00 14 00 13 00 12 00 11 00 10 00 10 00 0F 00 0F 00 10 00 10 00 11 00 12 00 14 00 15 00 16 00 18 00 19 00 1A 00 1A 00 1B 00 1B 00 1B 00 1B 00 1B 00 1B 00 1B 00 1B 00 1B 00 1B 00 1C 00 1C 00 1C 00 1B 00 1A 00 19 00 18 00 16 00 15 00 15 00 14 00 14 00 13 00 12 00 10 00 0F 00 0F 00 0F 00 10 00 10 00 11 00 13 00 14 88 8B 
2025-10-15 22:18:44.852 | TX | 0E 03 A1 00 00 40 67 39 
2025-10-15 22:18:44.852 | RX | 0E 03 80 00 15 00 15 00 15 00 15 00 14 00 12 00 11 00 10 00 10 00 0F 00 0F 00 10 00 10 00 11 00 11 00 13 00 14 00 16 00 18 00 19 00 19 00 19 00 18 00 16 00 13 00 10 00 0D 00 0B 00 0A 00 0B 00 0D 00 10 00 13 00 16 00 19 00 1B 00 1D 00 1E 00 1E 00 1D 00 1B 00 1A 00 18 00 17 00 17 00 17 00 17 00 18 00 1A 00 1B 00 1C 00 1E 00 20 00 21 00 22 00 22 00 21 00 20 00 1E 00 1D 00 1B 00 19 00 18 00 17 BB 12 
2025-10-15 22:18:44.883 | TX | 0E 03 A1 40 00 40 66 ED 
2025-10-15 22:18:44.883 | RX | 0E 03 80 00 16 00 16 00 15 00 15 00 15 00 16 00 17 00 18 00 19 00 19 00 19 00 19 00 1A 00 1A 00 1B 00 1B 00 1C 00 1C 00 1C 00 1B 00 1A 00 1A 00 19 00 19 00 19 00 1B 00 1D 00 20 00 22 00 24 00 25 00 25 00 24 00 22 00 20 00 1D 00 19 00 16 00 12 00 0E 00 0C 00 0A 00 0A 00 0A 00 0A 00 0B 00 0C 00 0D 00 0E 00 0F 00 11 00 12 00 13 00 14 00 15 00 15 00 15 00 15 00 15 00 14 00 14 00 14 00 14 00 16 53 54 
2025-10-15 22:18:44.914 | TX | 0E 03 A1 80 00 40 66 D1 
2025-10-15 22:18:44.914 | RX | 0E 03 80 00 17 00 18 00 19 00 19 00 17 00 16 00 14 00 12 00 10 00 10 00 10 00 10 00 12 00 13 00 14 00 14 00 14 00 14 00 14 00 14 00 15 00 15 00 16 00 17 00 17 00 18 00 18 00 18 00 19 00 1A 00 1B 00 1D 00 1E 00 20 00 22 00 23 00 24 00 24 00 24 00 24 00 23 00 22 00 21 00 1F 00 1D 00 1B 00 19 00 16 00 13 00 10 00 0E 00 0B 00 0A 00 09 00 09 00 0A 00 0C 00 0E 00 10 00 12 00 14 00 16 00 18 00 1A 8B 57 
2025-10-15 22:18:44.945 | TX | 0E 03 A1 C0 00 40 67 05 
2025-10-15 22:18:44.945 | RX | 0E 03 80 00 1A 00 1B 00 1A 00 1A 00 19 00 18 00 17 00 16 00 15 00 13 00 12 00 10 00 0F 00 0F 00 0F 00 10 00 11 00 13 00 15 00 16 00 17 00 17 00 17 00 17 00 18 00 18 00 18 00 18 00 18 00 18 00 18 00 18 00 19 00 1A 00 1B 00 1C 00 1D 00 1E 00 1F 00 1F 00 1F 00 1F 00 1E 00 1D 00 1B 00 1A 00 18 00 17 00 15 00 13 00 12 00 12 00 13 00 14 00 15 00 16 00 17 00 18 00 18 00 19 00 19 00 1A 00 1A 00 1A 37 52 
2025-10-15 22:18:44.976 | TX | 0E 03 A2 00 00 40 67 7D 
2025-10-15 22:18:44.976 | RX | 0E 03 80 40 01 40 02 40 01 40 01 40 02 40 02 40 02 40 02 40 02 40 02 40 02 40 02 40 02 40 02 40 02 40 02 40 02 40 02 40 02 40 02 40 02 40 02 40 02 40 02 40 02 40 02 40 02 40 02 40 02 40 02 40 02 40 01 40 01 40 01 40 01 40 01 40 01 40 01 40 01 40 01 40 02 40 02 40 02 40 02 40 02 40 01 40 01 40 01 40 01 40 01 40 01 40 01 40 01 40 01 40 01 40 01 40 01 40 01 40 01 40 01 40 01 40 01 40 01 40 01 C3 CF 
2025-10-15 22:18:45.006 | TX | 0E 03 A2 40 00 40 66 A9 
2025-10-15 22:18:45.006 | RX | 0E 03 80 40 01 40 01 40 02 40 02 40 02 40 02 40 02 40 02 40 02 40 02 40 02 40 02 40 02 40 02 40 02 40 02 40 02 40 02 40 02 40 02 40 02 40 02 40 02 40 02 40 02 40 02 40 02 40 02 40 02 40 02 40 02 40 02 40 02 40 02 40 02 40 02 40 01 40 01 40 01 40 01 40 01 40 01 40 01 40 01 40 01 40 02 40 02 40 01 40 01 40 01 40 00 40 00 40 00 40 01 40 01 40 01 40 01 40 01 40 01 40 01 40 01 40 01 40 01 40 00 A9 ED 
2025-10-15 22:18:45.038 | TX | 0E 03 A2 80 00 40 66 95 
2025-10-15 22:18:45.038 | RX | 0E 03 80 40 00 40 00 40 00 40 01 40 01 40 01 40 01 40 01 40 01 40 01 40 01 40 01 40 01 40 01 40 01 40 01 40 01 40 01 40 01 40 01 40 01 40 01 40 02 40 02 40 02 40 02 40 02 40 02 40 02 40 02 40 01 40 02 40 02 40 01 40 02 40 01 40 01 40 02 40 02 40 02 40 02 40 02 40 02 40 02 40 02 40 02 40 02 40 02 40 02 40 02 40 02 40 02 40 02 40 02 40 02 40 02 40 02 40 02 40 02 40 02 40 02 40 02 40 02 40 02 46 2E 
2025-10-15 22:18:45.068 | TX | 0E 03 A2 C0 00 40 67 41 
2025-10-15 22:18:45.068 | RX | 0E 03 80 40 02 40 02 40 02 40 02 40 02 40 02 40 02 40 02 40 02 40 02 40 03 40 03 40 02 40 02 40 02 40 02 40 01 40 01 40 01 40 01 40 01 40 01 40 01 40 02 40 02 40 02 40 02 40 02 40 02 40 01 40 01 40 01 40 01 40 01 40 01 40 01 40 01 40 01 40 01 40 02 40 02 40 02 40 02 40 01 40 01 40 01 40 01 40 01 40 01 40 01 40 01 40 01 40 01 40 01 40 01 40 01 40 01 40 01 40 01 40 01 40 01 40 01 40 01 40 01 C8 3E 
2025-10-15 22:18:45.100 | TX | 0E 03 A3 00 00 40 66 81 
2025-10-15 22:18:45.100 | RX | 0E 03 80 40 01 40 01 40 01 40 01 40 01 40 01 40 01 40 01 40 01 40 01 40 01 40 01 40 01 40 01 40 01 40 01 40 01 40 01 40 01 40 01 40 01 40 01 40 01 40 01 40 01 40 02 40 02 40 02 40 02 40 02 40 02 40 02 40 02 40 02 40 02 40 01 40 01 40 01 40 01 40 02 40 02 40 02 40 02 40 01 40 01 40 01 40 02 40 02 40 02 40 02 40 02 40 02 40 02 40 02 40 01 40 01 40 01 40 01 40 01 40 02 40 02 40 02 40 02 40 02 4A 64 
2025-10-15 22:18:45.130 | TX | 0E 03 A3 40 00 40 67 55 
2025-10-15 22:18:45.131 | RX | 0E 03 80 40 01 40 02 40 02 40 02 40 02 40 02 40 02 40 02 40 03 40 03 40 03 40 02 40 02 40 02 40 02 40 02 40 01 40 01 40 01 40 01 40 01 40 01 40 01 40 01 40 02 40 02 40 02 40 01 40 01 40 01 40 01 40 01 40 01 40 01 40 02 40 02 40 02 40 02 40 02 40 02 40 02 40 02 40 02 40 02 40 02 40 01 40 01 40 01 40 01 40 01 40 01 40 01 40 01 40 01 40 01 40 01 40 01 40 01 40 01 40 01 40 01 40 01 40 01 40 01 20 33 
2025-10-15 22:18:45.162 | TX | 0E 03 A3 80 00 40 67 69 
2025-10-15 22:18:45.162 | RX | 0E 03 80 40 01 40 01 40 01 40 01 40 01 40 01 40 01 40 01 40 01 40 01 40 01 40 01 40 02 40 02 40 02 40 02 40 02 40 01 40 01 40 01 40 01 40 01 40 01 40 01 40 01 40 01 40 01 40 01 40 01 40 01 40 00 40 00 40 00 40 00 40 01 40 01 40 01 40 01 40 01 40 01 40 01 40 01 40 01 40 01 40 01 40 01 40 01 40 01 40 01 40 01 40 01 40 01 40 01 40 01 40 02 40 02 40 02 40 02 40 02 40 02 40 01 40 01 40 01 40 01 15 52 
2025-10-15 22:18:45.193 | TX | 0E 03 A3 C0 00 40 66 BD 
2025-10-15 22:18:45.194 | RX | 0E 03 80 40 01 40 01 40 01 40 01 40 02 40 02 40 02 40 02 40 02 40 01 40 01 40 01 40 01 40 01 40 01 40 01 40 02 40 02 40 02 40 02 40 02 40 02 40 02 40 02 40 02 40 02 40 02 40 02 40 01 40 01 40 01 40 01 40 01 40 01 40 01 40 01 40 01 40 01 40 01 40 01 40 01 40 01 40 01 40 01 40 01 40 01 40 01 40 01 40 02 40 02 40 02 40 03 40 03 40 03 40 02 40 02 40 02 40 02 40 02 40 02 40 02 40 02 40 02 40 02 8D 98 
2025-10-15 22:18:45.209 | TX | 0E 10 00 00 00 01 02 00 51 26 5C 
2025-10-15 22:18:45.209 | RX | 0E 10 00 00 00 01 01 36 
2025-10-15 22:18:45.224 | TX | 0E 10 00 00 00 01 02 01 51 27 CC 
2025-10-15 22:18:45.224 | RX | 0E 10 00 00 00 01 01 36 
2025-10-15 22:18:45.255 | TX | 0E 03 A0 00 00 40 66 C5 
2025-10-15 22:18:45.255 | RX | 0E 03 80 00 21 00 21 00 21 00 21 00 21 00 20 00 1F 00 1E 00 1D 00 1B 00 1A 00 18 00 17 00 17 00 16 00 17 00 17 00 17 00 17 00 16 00 15 00 14 00 13 00 12 00 12 00 12 00 12 00 13 00 13 00 12 00 12 00 1B 00 1C 00 1C 00 1C 00 1C 00 1B 00 1A 00 19 00 18 00 17 00 16 00 15 00 15 00 14 00 15 00 15 00 17 00 18 00 19 00 1A 00 1A 00 1A 00 19 00 19 00 19 00 19 00 1A 00 1B 00 1B 00 1C 00 1C 00 1C 00 1B E3 F2 
2025-10-15 22:18:45.286 | TX | 0E 03 A0 40 00 40 67 11 
2025-10-15 22:18:45.287 | RX | 0E 03 80 00 1B 00 1A 00 18 00 16 00 14 00 12 00 10 00 0E 00 0E 00 0E 00 0F 00 10 00 11 00 12 00 13 00 15 00 17 00 19 00 1B 00 1D 00 1E 00 1F 00 1F 00 1F 00 1F 00 1F 00 1F 00 1E 00 1D 00 1C 00 1C 00 1C 00 1C 00 1D 00 1F 00 20 00 22 00 24 00 25 00 26 00 26 00 25 00 24 00 24 00 23 00 23 00 22 00 21 00 20 00 1D 00 1B 00 18 00 16 00 14 00 12 00 11 00 10 00 0E 00 0D 00 0D 00 0D 00 0D 00 0E 00 0E EC CE 
2025-10-15 22:18:45.318 | TX | 0E 03 A0 80 00 40 67 2D 
2025-10-15 22:18:45.319 | RX | 0E 03 80 00 0E 00 0D 00 0C 00 0A 00 07 00 05 00 03 00 02 00 02 00 02 00 04 00 06 00 08 00 0B 00 0E 00 10 00 13 00 15 40 16 40 18 00 19 00 1A 00 1A 00 1B 00 1A 00 1A 00 19 00 19 00 18 00 17 00 17 00 17 00 17 00 17 00 18 00 18 00 19 00 19 00 19 00 19 00 18 00 18 00 18 00 18 00 18 00 1A 00 1B 00 1B 00 1C 00 1C 00 1B 00 1A 00 19 00 17 00 16 00 15 00 13 00 13 00 12 00 12 00 12 00 12 00 13 00 14 10 C6 
2025-10-15 22:18:45.349 | TX | 0E 03 A0 C0 00 40 66 F9 
2025-10-15 22:18:45.350 | RX | 0E 03 80 00 15 00 16 00 17 00 18 00 19 00 19 00 19 00 19 00 18 00 18 00 18 00 17 00 15 00 14 00 13 00 12 00 12 00 11 00 10 00 0F 00 0D 00 0C 00 0C 00 0C 00 0D 00 0F 00 11 00 12 00 14 00 15 00 15 00 15 00 15 00 14 00 14 00 13 00 12 00 11 00 10 00 0E 00 0E 00 0E 00 0F 00 11 00 13 00 16 00 18 00 1A 00 1B 00 1B 00 1A 00 18 00 16 00 15 00 14 00 14 00 15 00 16 00 17 00 18 00 19 00 1A 00 1B 00 1B DB C9 
2025-10-15 22:18:45.381 | TX | 0E 03 A1 00 00 40 67 39 
2025-10-15 22:18:45.381 | RX | 0E 03 80 00 1C 00 1C 00 1B 00 1B 00 1A 00 1A 00 19 00 19 00 19 00 1A 00 1A 00 1B 00 1C 00 1C 00 1C 00 1C 00 1C 00 1B 00 1B 00 1B 00 1B 00 1B 00 1A 00 1A 00 19 00 18 00 17 00 17 00 17 00 17 00 17 00 17 00 16 00 14 00 11 00 0D 00 09 00 06 00 03 00 02 00 02 00 04 00 06 00 0A 00 0D 00 11 00 15 00 18 00 1B 00 1D 00 1D 00 1E 00 1D 00 1C 00 1C 00 1B 00 1B 00 1B 00 1B 00 1A 00 1A 00 1B 00 1B 00 1C CB E7 
2025-10-15 22:18:45.411 | TX | 0E 03 A1 40 00 40 66 ED 
2025-10-15 22:18:45.411 | RX | 0E 03 80 00 1D 00 1E 00 1F 00 1F 00 1F 00 1F 00 1F 00 1F 00 1E 00 1D 00 1B 00 1A 00 19 00 19 00 19 00 19 00 1A 00 1A 00 1A 00 1A 00 1A 00 1A 00 1B 00 1C 00 1D 00 1F 00 20 00 20 00 20 00 1F 00 1E 00 1D 00 1C 00 1C 00 1B 00 1B 00 1B 00 1B 00 1B 00 1B 00 1A 00 19 00 17 00 15 00 14 00 12 00 12 00 11 00 10 00 10 00 0F 00 0E 00 0D 00 0D 00 0C 00 0C 00 0D 00 0E 00 0F 00 11 00 12 00 14 00 15 00 15 29 BE 
2025-10-15 22:18:45.442 | TX | 0E 03 A1 80 00 40 66 D1 
2025-10-15 22:18:45.442 | RX | 0E 03 80 00 16 00 16 00 17 00 17 00 18 00 18 00 18 00 18 00 17 00 17 00 18 00 18 00 19 00 1A 00 1B 00 1C 00 1C 00 1B 00 1A 00 19 00 17 00 16 00 14 00 13 00 12 00 11 00 11 00 11 00 11 00 12 00 13 00 14 00 15 00 15 00 14 00 14 00 13 00 13 00 13 00 14 00 16 00 18 00 1A 00 1C 00 1D 00 1E 00 1E 00 1D 00 1D 00 1D 00 1C 00 1C 00 1C 00 1B 00 1B 00 1A 00 19 00 17 00 16 00 14 00 13 00 12 00 11 00 0F D9 3E 
2025-10-15 22:18:45.473 | TX | 0E 03 A1 C0 00 40 67 05 
2025-10-15 22:18:45.474 | RX | 0E 03 80 00 0D 00 0A 00 06 00 02 1F FE 1F FC 1F FB 1F FA 1F FC 1F FE 00 01 00 04 00 08 00 0B 00 0E 00 10 00 12 00 14 00 15 00 16 00 16 00 17 00 17 00 16 00 15 00 14 00 13 00 14 00 15 00 17 00 19 00 1C 00 1E 00 20 00 23 00 25 00 26 00 27 00 28 00 27 40 26 40 24 40 22 40 1F 40 1D 40 1A 00 17 00 15 00 13 00 13 00 13 00 13 00 13 00 14 00 14 00 15 00 16 00 17 00 19 00 1C 00 1E 00 1F 00 1F 00 1E A1 1B 
2025-10-15 22:18:45.504 | TX | 0E 03 A2 00 00 40 67 7D 
2025-10-15 22:18:45.505 | RX | 0E 03 80 40 03 40 03 40 02 40 02 40 02 40 02 40 03 40 02 40 02 40 02 40 02 40 02 40 02 40 02 40 02 40 02 40 02 40 02 40 02 40 02 40 02 40 02 40 02 40 02 40 02 40 02 40 01 40 02 40 02 40 02 40 02 40 02 40 02 40 02 40 02 40 01 40 01 40 01 40 01 40 01 40 01 40 02 40 02 40 02 40 02 40 02 40 02 40 02 40 02 40 02 40 02 40 02 40 02 40 02 40 02 40 02 40 02 40 02 40 02 40 02 40 02 40 02 40 02 40 02 7B E9 
2025-10-15 22:18:45.535 | TX | 0E 03 A2 40 00 40 66 A9 
2025-10-15 22:18:45.536 | RX | 0E 03 80 40 02 40 02 40 02 40 02 40 02 40 01 40 01 40 01 40 01 40 01 40 01 40 02 40 02 40 02 40 01 40 01 40 01 40 01 40 01 40 01 40 01 40 01 40 02 40 02 40 02 40 02 40 02 40 02 40 02 40 02 40 02 40 02 40 02 40 02 40 02 40 02 40 03 40 03 40 03 40 03 40 03 40 03 40 03 40 03 40 03 40 03 40 02 40 02 40 02 40 02 40 02 40 02 40 02 40 02 40 02 40 02 40 02 40 01 40 01 40 01 40 01 40 01 40 01 40 01 6A 99 
2025-10-15 22:18:45.567 | TX | 0E 03 A2 80 00 40 66 95 
2025-10-15 22:18:45.567 | RX | 0E 03 80 40 01 40 02 40 02 40 02 40 02 40 02 40 02 40 02 40 02 40 02 40 02 40 02 40 02 40 02 40 02 40 02 40 02 40 02 40 02 40 02 40 02 40 01 40 01 40 01 40 01 40 01 40 02 40 02 40 02 40 02 40 02 40 02 40 02 40 02 40 02 40 02 40 02 40 02 40 02 40 02 40 02 40 02 40 01 40 01 40 01 40 02 40 02 40 02 40 02 40 02 40 02 40 02 40 02 40 02 40 01 40 01 40 01 40 01 40 01 40 01 40 01 40 01 40 01 40 01 24 E7 
2025-10-15 22:18:45.598 | TX | 0E 03 A2 C0 00 40 67 41 
2025-10-15 22:18:45.598 | RX | 0E 03 80 40 01 40 01 40 02 40 02 40 02 40 02 40 02 40 02 40 02 40 02 40 02 40 02 40 02 40 02 40 02 40 02 40 02 40 02 40 01 40 01 40 02 40 02 40 02 40 02 40 02 40 02 40 02 40 02 40 02 40 02 40 02 40 02 40 02 40 02 40 02 40 01 40 01 40 01 40 01 40 01 40 01 40 01 40 01 40 01 40 01 40 01 40 01 40 02 40 02 40 02 40 02 40 02 40 03 40 03 40 03 40 03 40 03 40 03 40 03 40 03 40 03 40 02 40 02 40 02 B5 6A 
